                                                        QUERY PLAN                                                        
--------------------------------------------------------------------------------------------------------------------------
 Seq Scan on lineitem  (cost=0.00..517344.08 rows=17996608 width=117) (actual time=0.693..4863.520 rows=17996609 loops=1)
 Planning Time: 13.441 ms
 Execution Time: 5350.259 ms
(3 rows)

